[2021-12-22T18:00:18.240650+00:00] emensa_log.INFO: /index.php [] []
[2021-12-22T18:00:37.003788+00:00] emensa_log.INFO: admin@emensa.example Login successful [] []
[2021-12-22T18:00:37.015726+00:00] emensa_log.INFO: /index.php [] []
[2021-12-22T18:00:48.847025+00:00] emensa_log.INFO: admin@emensa.example Logout successful [] []
[2021-12-22T18:00:48.855671+00:00] emensa_log.INFO: /index.php [] []
[2022-01-03T18:16:00.095293+00:00] emensa_log.INFO: /index.php [] []
[2022-01-03T18:16:18.507999+00:00] emensa_log.INFO: admin@emensa.example Login successful [] []
[2022-01-03T18:16:18.519137+00:00] emensa_log.INFO: /index.php [] []
[2022-01-03T18:16:28.009590+00:00] emensa_log.INFO: admin@emensa.example Logout successful [] []
[2022-01-03T18:16:28.017332+00:00] emensa_log.INFO: /index.php [] []
[2022-01-03T18:17:23.555685+00:00] emensa_log.INFO: /index.php [] []
[2022-01-03T18:17:34.651941+00:00] emensa_log.INFO: /index.php [] []
[2022-01-04T19:36:56.207544+00:00] emensa_log.INFO: /index.php [] []
[2022-01-04T19:36:56.354814+00:00] emensa_log.INFO: /index.php [] []
[2022-01-04T19:40:22.027539+00:00] emensa_log.INFO: /index.php [] []
[2022-01-04T19:40:59.834538+00:00] emensa_log.INFO: /index.php [] []
[2022-01-04T19:41:03.421529+00:00] emensa_log.INFO: /index.php [] []
[2022-01-04T19:41:04.125713+00:00] emensa_log.INFO: /index.php [] []
[2022-01-04T19:41:04.828995+00:00] emensa_log.INFO: /index.php [] []
[2022-01-04T19:41:05.553042+00:00] emensa_log.INFO: /index.php [] []
[2022-01-04T19:41:06.951857+00:00] emensa_log.INFO: /index.php [] []
[2022-01-04T19:41:07.719037+00:00] emensa_log.INFO: /index.php [] []
[2022-01-04T19:41:09.002487+00:00] emensa_log.INFO: /index.php [] []
[2022-01-04T19:41:09.909118+00:00] emensa_log.INFO: /index.php [] []
[2022-01-04T19:41:36.737471+00:00] emensa_log.INFO: /index.php [] []
[2022-01-04T19:41:59.374040+00:00] emensa_log.INFO: /index.php [] []
[2022-01-04T19:44:23.979461+00:00] emensa_log.INFO: /index.php [] []
[2022-01-04T19:44:36.149967+00:00] emensa_log.INFO: /index.php [] []
[2022-01-04T19:44:46.540597+00:00] emensa_log.INFO: admin@emensa.example Login successful [] []
[2022-01-04T19:44:46.551309+00:00] emensa_log.INFO: /index.php [] []
[2022-01-04T19:45:15.545398+00:00] emensa_log.INFO: /index.php [] []
[2022-01-04T19:45:53.445895+00:00] emensa_log.INFO: /index.php [] []
[2022-01-04T19:45:56.113823+00:00] emensa_log.INFO: /index.php [] []
[2022-01-04T19:45:57.707349+00:00] emensa_log.INFO: /index.php [] []
[2022-01-04T19:46:07.454655+00:00] emensa_log.INFO: /index.php [] []
[2022-01-04T19:46:45.854434+00:00] emensa_log.INFO: /index.php [] []
[2022-01-04T19:48:52.220756+00:00] emensa_log.INFO: /index.php [] []
[2022-01-04T19:48:55.397620+00:00] emensa_log.INFO: /index.php [] []
[2022-01-04T19:49:02.119386+00:00] emensa_log.INFO: /index.php [] []
[2022-01-04T19:49:49.204074+00:00] emensa_log.INFO: /index.php [] []
[2022-01-04T19:50:07.749498+00:00] emensa_log.INFO: /index.php [] []
[2022-01-04T19:55:38.926214+00:00] emensa_log.INFO: /index.php [] []
[2022-01-04T19:56:18.343257+00:00] emensa_log.INFO: /index.php [] []
[2022-01-04T19:56:23.503318+00:00] emensa_log.INFO: /index.php [] []
[2022-01-04T19:56:42.195609+00:00] emensa_log.INFO: /index.php [] []
[2022-01-04T20:04:27.618720+00:00] emensa_log.INFO: /index.php [] []
[2022-01-04T20:04:37.670634+00:00] emensa_log.INFO: /index.php [] []
[2022-01-04T20:04:42.491588+00:00] emensa_log.INFO: /index.php [] []
[2022-01-04T20:04:46.747968+00:00] emensa_log.INFO: /index.php [] []
[2022-01-04T20:05:52.045017+00:00] emensa_log.INFO: /index.php [] []
[2022-01-04T20:12:44.363302+00:00] emensa_log.INFO: admin@emensa.example Logout successful [] []
[2022-01-04T20:12:44.371231+00:00] emensa_log.INFO: /index.php [] []
[2022-01-04T20:12:51.763152+00:00] emensa_log.INFO: admin@emensa.example Login successful [] []
[2022-01-04T20:12:51.770610+00:00] emensa_log.INFO: /index.php [] []
[2022-01-04T20:18:01.236883+00:00] emensa_log.INFO: /index.php [] []
[2022-01-04T20:18:14.034895+00:00] emensa_log.INFO: /index.php [] []
[2022-01-04T20:18:14.185926+00:00] emensa_log.INFO: /index.php [] []
[2022-01-04T20:19:40.747937+00:00] emensa_log.INFO: /index.php [] []
[2022-01-04T20:23:57.164031+00:00] emensa_log.INFO: /index.php [] []
[2022-01-04T20:25:08.957230+00:00] emensa_log.INFO: /index.php [] []
[2022-01-04T20:25:12.999902+00:00] emensa_log.INFO: /index.php [] []
[2022-01-04T20:46:43.951165+00:00] emensa_log.INFO: /index.php [] []
[2022-01-04T20:49:33.515259+00:00] emensa_log.INFO: /index.php [] []
[2022-01-04T20:49:38.485178+00:00] emensa_log.INFO: /index.php [] []
[2022-01-04T20:50:02.938371+00:00] emensa_log.INFO: /index.php [] []
[2022-01-04T20:50:27.936550+00:00] emensa_log.INFO: admin@emensa.example Logout successful [] []
[2022-01-04T20:50:27.945327+00:00] emensa_log.INFO: /index.php [] []
[2022-01-04T20:50:44.380266+00:00] emensa_log.INFO: admin@emensa.example Login successful [] []
[2022-01-04T20:55:29.293156+00:00] emensa_log.INFO: /index.php [] []
[2022-01-04T20:55:33.301360+00:00] emensa_log.INFO: /index.php [] []
[2022-01-04T20:55:38.182446+00:00] emensa_log.INFO: /index.php [] []
[2022-01-04T20:55:41.939552+00:00] emensa_log.INFO: /index.php [] []
[2022-01-04T21:30:10.325088+00:00] emensa_log.INFO: /index.php [] []
[2022-01-04T21:30:10.520716+00:00] emensa_log.INFO: /index.php [] []
[2022-01-04T21:37:11.573953+00:00] emensa_log.INFO: /index.php [] []
[2022-01-04T21:37:30.816943+00:00] emensa_log.INFO: /index.php [] []
[2022-01-04T21:37:42.661034+00:00] emensa_log.INFO: /index.php [] []
[2022-01-04T21:42:16.049377+00:00] emensa_log.INFO: /index.php [] []
[2022-01-04T21:43:02.113753+00:00] emensa_log.INFO: /index.php [] []
[2022-01-04T21:43:04.340453+00:00] emensa_log.INFO: /index.php [] []
[2022-01-04T21:45:48.494077+00:00] emensa_log.INFO: /index.php [] []
[2022-01-04T21:46:21.705749+00:00] emensa_log.INFO: /index.php [] []
[2022-01-04T21:46:25.266114+00:00] emensa_log.INFO: /index.php [] []
[2022-01-04T21:49:25.890165+00:00] emensa_log.INFO: /index.php [] []
[2022-01-04T21:49:28.575691+00:00] emensa_log.INFO: /index.php [] []
[2022-01-04T21:53:44.766187+00:00] emensa_log.INFO: /index.php [] []
[2022-01-04T21:53:47.204264+00:00] emensa_log.INFO: /index.php [] []
[2022-01-04T21:53:58.480517+00:00] emensa_log.INFO: /index.php [] []
[2022-01-04T21:55:07.409729+00:00] emensa_log.INFO: /index.php [] []
[2022-01-04T22:01:31.331740+00:00] emensa_log.INFO: /index.php [] []
[2022-01-04T22:01:43.887234+00:00] emensa_log.INFO: /index.php [] []
[2022-01-04T22:03:07.712729+00:00] emensa_log.INFO: /index.php [] []
[2022-01-04T22:11:37.698694+00:00] emensa_log.INFO: /index.php [] []
[2022-01-04T22:12:21.401402+00:00] emensa_log.INFO: /index.php [] []
[2022-01-04T22:14:32.350541+00:00] emensa_log.INFO: /index.php [] []
[2022-01-04T22:15:42.154771+00:00] emensa_log.INFO: /index.php [] []
[2022-01-04T22:15:43.958871+00:00] emensa_log.INFO: admin@emensa.example Logout successful [] []
[2022-01-04T22:15:43.966481+00:00] emensa_log.INFO: /index.php [] []
[2022-01-04T22:15:53.678443+00:00] emensa_log.INFO: /index.php [] []
[2022-01-04T22:25:48.686754+00:00] emensa_log.INFO: admin@emensa.example Login successful [] []
[2022-01-04T22:26:03.319797+00:00] emensa_log.INFO: /index.php [] []
[2022-01-04T22:26:04.873282+00:00] emensa_log.INFO: /index.php [] []
[2022-01-04T22:27:02.435119+00:00] emensa_log.INFO: /index.php [] []
[2022-01-04T22:27:47.495803+00:00] emensa_log.INFO: admin@emensa.example Logout successful [] []
[2022-01-04T22:27:47.503959+00:00] emensa_log.INFO: /index.php [] []
[2022-01-04T22:27:48.737967+00:00] emensa_log.INFO: /index.php [] []
[2022-01-04T22:30:38.289420+00:00] emensa_log.INFO: /index.php [] []
[2022-01-04T22:31:15.416623+00:00] emensa_log.INFO: /index.php [] []
[2022-01-04T22:31:23.588688+00:00] emensa_log.INFO: /index.php [] []
[2022-01-04T22:34:40.031311+00:00] emensa_log.INFO: /index.php [] []
[2022-01-04T22:34:50.879517+00:00] emensa_log.INFO: admin@emensa.example Login successful [] []
[2022-01-04T22:35:02.576337+00:00] emensa_log.INFO: /index.php [] []
[2022-01-04T22:45:28.534825+00:00] emensa_log.INFO: /index.php [] []
[2022-01-04T22:46:55.697341+00:00] emensa_log.INFO: /index.php [] []
[2022-01-04T22:56:06.206223+00:00] emensa_log.INFO: /index.php [] []
[2022-01-04T22:56:13.462216+00:00] emensa_log.INFO: /index.php [] []
[2022-01-04T22:56:14.133736+00:00] emensa_log.INFO: /index.php [] []
[2022-01-04T22:56:18.969908+00:00] emensa_log.INFO: /index.php [] []
[2022-01-04T22:56:57.490568+00:00] emensa_log.INFO: /index.php [] []
[2022-01-04T22:59:49.250010+00:00] emensa_log.INFO: /index.php [] []
[2022-01-04T23:02:22.783438+00:00] emensa_log.INFO: admin@emensa.example Logout successful [] []
[2022-01-04T23:02:22.793550+00:00] emensa_log.INFO: /index.php [] []
[2022-01-04T23:02:31.867804+00:00] emensa_log.INFO: linus@gmail.com Login successful [] []
[2022-01-04T23:02:36.875600+00:00] emensa_log.INFO: /index.php [] []
[2022-01-04T23:02:50.627038+00:00] emensa_log.INFO: /index.php [] []
[2022-01-04T23:02:55.650899+00:00] emensa_log.INFO: /index.php [] []
[2022-01-04T23:03:01.625331+00:00] emensa_log.INFO: /index.php [] []
[2022-01-04T23:03:03.164584+00:00] emensa_log.INFO: linus@gmail.com Logout successful [] []
[2022-01-04T23:03:03.172778+00:00] emensa_log.INFO: /index.php [] []
[2022-01-04T23:03:08.847583+00:00] emensa_log.INFO: admin@emensa.example Login successful [] []
[2022-01-04T23:06:39.468319+00:00] emensa_log.INFO: /index.php [] []
[2022-01-04T23:06:46.429446+00:00] emensa_log.INFO: /index.php [] []
[2022-01-04T23:09:22.193646+00:00] emensa_log.INFO: /index.php [] []
[2022-01-04T23:11:21.787419+00:00] emensa_log.INFO: /index.php [] []
[2022-01-04T23:11:23.033255+00:00] emensa_log.INFO: /index.php [] []
[2022-01-04T23:11:28.874843+00:00] emensa_log.INFO: admin@emensa.example Login successful [] []
[2022-01-04T23:11:28.882871+00:00] emensa_log.INFO: /index.php [] []
[2022-01-04T23:11:59.616163+00:00] emensa_log.INFO: /index.php [] []
[2022-01-04T23:12:10.110685+00:00] emensa_log.INFO: /index.php [] []
[2022-01-04T23:14:01.319248+00:00] emensa_log.INFO: /index.php [] []
[2022-01-04T23:14:09.516945+00:00] emensa_log.INFO: /index.php [] []
[2022-01-04T23:14:35.816711+00:00] emensa_log.INFO: /index.php [] []
[2022-01-04T23:14:42.543780+00:00] emensa_log.INFO: /index.php [] []
[2022-01-04T23:16:57.553688+00:00] emensa_log.INFO: /index.php [] []
[2022-01-04T23:17:03.250492+00:00] emensa_log.INFO: /index.php [] []
[2022-01-04T23:17:12.553564+00:00] emensa_log.INFO: admin@emensa.example Login successful [] []
[2022-01-04T23:17:17.140924+00:00] emensa_log.INFO: /index.php [] []
[2022-01-04T23:18:08.212726+00:00] emensa_log.INFO: /index.php [] []
[2022-01-04T23:18:12.417225+00:00] emensa_log.INFO: admin@emensa.example Logout successful [] []
[2022-01-04T23:18:12.424929+00:00] emensa_log.INFO: /index.php [] []
[2022-01-04T23:18:28.918019+00:00] emensa_log.INFO: linus@gmail.com Login successful [] []
[2022-01-04T23:18:31.468913+00:00] emensa_log.INFO: /index.php [] []
[2022-01-04T23:18:37.062888+00:00] emensa_log.INFO: linus@gmail.com Logout successful [] []
[2022-01-04T23:18:37.070411+00:00] emensa_log.INFO: /index.php [] []
[2022-01-05T11:56:00.299673+00:00] emensa_log.INFO: /index.php [] []
[2022-01-05T11:56:12.154905+00:00] emensa_log.INFO: admin@emensa.example Login successful [] []
[2022-01-05T11:56:12.167149+00:00] emensa_log.INFO: /index.php [] []
[2022-01-05T15:04:34.514596+00:00] emensa_log.INFO: /index.php [] []
[2022-01-05T15:04:59.488283+00:00] emensa_log.INFO: /index.php [] []
[2022-01-05T15:05:02.799730+00:00] emensa_log.INFO: /index.php [] []
[2022-01-05T15:05:14.469139+00:00] emensa_log.INFO: linus@gmail.com Login successful [] []
[2022-01-05T15:05:14.476911+00:00] emensa_log.INFO: /index.php [] []
[2022-01-05T15:05:23.683004+00:00] emensa_log.INFO: /index.php [] []
[2022-01-05T15:05:49.938211+00:00] emensa_log.INFO: /index.php [] []
[2022-01-05T15:06:08.150743+00:00] emensa_log.INFO: /index.php [] []
[2022-01-05T15:06:29.969748+00:00] emensa_log.INFO: /index.php [] []
[2022-01-05T15:10:14.341176+00:00] emensa_log.INFO: /index.php [] []
[2022-01-05T15:10:40.857023+00:00] emensa_log.INFO: /index.php [] []
[2022-01-05T15:10:46.700592+00:00] emensa_log.INFO: /index.php [] []
[2022-01-05T15:13:09.438939+00:00] emensa_log.INFO: /index.php [] []
[2022-01-05T15:13:12.310931+00:00] emensa_log.INFO: /index.php [] []
[2022-01-05T15:13:19.711584+00:00] emensa_log.INFO: /index.php [] []
[2022-01-05T15:13:26.271856+00:00] emensa_log.INFO: /index.php [] []
[2022-01-05T15:13:28.324328+00:00] emensa_log.INFO: /index.php [] []
[2022-01-05T15:13:32.112469+00:00] emensa_log.INFO: linus@gmail.com Logout successful [] []
[2022-01-05T15:13:32.120604+00:00] emensa_log.INFO: /index.php [] []
[2022-01-08T13:33:59.932523+00:00] emensa_log.INFO: /index.php [] []
[2022-01-08T13:39:58.702131+00:00] emensa_log.INFO: /index.php [] []
[2022-01-08T13:40:19.920827+00:00] emensa_log.INFO: /index.php [] []
[2022-01-08T13:40:23.248654+00:00] emensa_log.INFO: /index.php [] []
[2022-01-08T13:40:39.515161+00:00] emensa_log.INFO: /index.php [] []
[2022-01-08T13:40:45.950376+00:00] emensa_log.INFO: /index.php [] []
[2022-01-08T13:41:16.856389+00:00] emensa_log.INFO: /index.php [] []
[2022-01-08T13:41:36.311049+00:00] emensa_log.INFO: /index.php [] []
[2022-01-08T13:41:44.382082+00:00] emensa_log.INFO: /index.php [] []
[2022-01-08T13:42:07.211159+00:00] emensa_log.INFO: /index.php [] []
[2022-01-08T13:42:29.360167+00:00] emensa_log.INFO: /index.php [] []
[2022-01-08T13:43:09.562789+00:00] emensa_log.INFO: /index.php [] []
[2022-01-08T13:46:40.967135+00:00] emensa_log.INFO: /index.php [] []
[2022-01-08T13:46:47.864404+00:00] emensa_log.INFO: /index.php [] []
[2022-01-08T13:47:37.165006+00:00] emensa_log.INFO: /index.php [] []
[2022-01-08T13:47:45.888395+00:00] emensa_log.INFO: /index.php [] []
[2022-01-08T13:47:52.697846+00:00] emensa_log.INFO: /index.php [] []
[2022-01-08T13:48:13.392942+00:00] emensa_log.INFO: /index.php [] []
[2022-01-08T13:54:56.308440+00:00] emensa_log.INFO: /index.php [] []
[2022-01-08T13:55:23.784635+00:00] emensa_log.INFO: /index.php [] []
[2022-01-08T13:57:20.267706+00:00] emensa_log.INFO: /index.php [] []
[2022-01-08T13:57:25.798397+00:00] emensa_log.INFO: /index.php [] []
[2022-01-08T13:57:31.850000+00:00] emensa_log.INFO: /index.php [] []
[2022-01-08T13:58:50.791007+00:00] emensa_log.INFO: /index.php [] []
[2022-01-08T13:58:52.176428+00:00] emensa_log.INFO: /index.php [] []
[2022-01-08T13:59:06.189736+00:00] emensa_log.INFO: /index.php [] []
[2022-01-08T13:59:11.064928+00:00] emensa_log.INFO: /index.php [] []
[2022-01-08T13:59:12.897654+00:00] emensa_log.INFO: /index.php [] []
[2022-01-08T13:59:19.865104+00:00] emensa_log.INFO: /index.php [] []
[2022-01-08T13:59:34.698978+00:00] emensa_log.INFO: /index.php [] []
[2022-01-08T14:00:14.784206+00:00] emensa_log.INFO: /index.php [] []
[2022-01-08T14:00:41.025060+00:00] emensa_log.INFO: /index.php [] []
[2022-01-08T14:00:50.887020+00:00] emensa_log.INFO: /index.php [] []
[2022-01-08T14:01:33.687540+00:00] emensa_log.INFO: admin@emensa.example Login successful [] []
[2022-01-08T14:01:33.696072+00:00] emensa_log.INFO: /index.php [] []
[2022-01-08T14:01:50.758122+00:00] emensa_log.INFO: /index.php [] []
[2022-01-08T14:01:55.913491+00:00] emensa_log.INFO: /index.php [] []
[2022-01-08T14:02:03.421526+00:00] emensa_log.INFO: /index.php [] []
[2022-01-08T14:02:22.788819+00:00] emensa_log.INFO: /index.php [] []
[2022-01-08T14:02:34.548924+00:00] emensa_log.INFO: /index.php [] []
[2022-01-08T14:02:41.703061+00:00] emensa_log.INFO: admin@emensa.example Logout successful [] []
[2022-01-08T14:02:41.711153+00:00] emensa_log.INFO: /index.php [] []
[2022-01-08T14:10:25.441987+00:00] emensa_log.INFO: /index.php [] []
[2022-01-08T14:10:27.081229+00:00] emensa_log.INFO: /index.php [] []
[2022-01-08T14:12:01.594246+00:00] emensa_log.INFO: /index.php [] []
[2022-01-08T14:12:09.685107+00:00] emensa_log.INFO: /index.php [] []
[2022-01-08T14:19:30.278289+00:00] emensa_log.INFO: /index.php [] []
[2022-01-08T14:19:45.143125+00:00] emensa_log.INFO: /index.php [] []
[2022-01-08T14:20:10.301168+00:00] emensa_log.INFO: /index.php [] []
[2022-01-08T14:23:01.553873+00:00] emensa_log.INFO: /index.php [] []
[2022-01-08T14:24:34.381715+00:00] emensa_log.INFO: /index.php [] []
[2022-01-08T14:24:45.443058+00:00] emensa_log.INFO: /index.php [] []
[2022-01-08T14:25:06.071946+00:00] emensa_log.INFO: /index.php [] []
[2022-01-08T14:25:24.532376+00:00] emensa_log.INFO: /index.php [] []
[2022-01-08T14:25:26.324987+00:00] emensa_log.INFO: /index.php [] []
[2022-01-08T14:25:59.135820+00:00] emensa_log.INFO: /index.php [] []
[2022-01-08T14:34:56.747550+00:00] emensa_log.INFO: admin@emensa.example Login successful [] []
[2022-01-08T14:34:56.756077+00:00] emensa_log.INFO: /index.php [] []
[2022-01-08T14:38:13.718597+00:00] emensa_log.INFO: /index.php [] []
[2022-01-08T14:38:19.687366+00:00] emensa_log.INFO: /index.php [] []
[2022-01-08T14:38:31.617439+00:00] emensa_log.INFO: /index.php [] []
[2022-01-08T14:38:42.000386+00:00] emensa_log.INFO: /index.php [] []
[2022-01-08T14:39:01.648088+00:00] emensa_log.INFO: admin@emensa.example Logout successful [] []
[2022-01-08T14:39:01.656643+00:00] emensa_log.INFO: /index.php [] []
[2022-01-08T14:40:27.819377+00:00] emensa_log.INFO: /index.php [] []
[2022-01-08T14:40:53.266300+00:00] emensa_log.INFO: /index.php [] []
[2022-01-08T14:41:08.120714+00:00] emensa_log.INFO: /index.php [] []
[2022-01-08T14:41:20.160702+00:00] emensa_log.INFO: /index.php [] []
[2022-01-08T14:41:22.189897+00:00] emensa_log.INFO: /index.php [] []
[2022-01-08T14:41:25.773145+00:00] emensa_log.INFO: /index.php [] []
[2022-01-08T14:42:25.098840+00:00] emensa_log.INFO: /index.php [] []
[2022-01-08T14:42:43.719209+00:00] emensa_log.INFO: admin@emensa.example Login successful [] []
[2022-01-08T14:42:43.727350+00:00] emensa_log.INFO: /index.php [] []
[2022-01-08T14:42:49.350634+00:00] emensa_log.INFO: admin@emensa.example Logout successful [] []
[2022-01-08T14:42:49.358347+00:00] emensa_log.INFO: /index.php [] []
[2022-01-08T14:47:51.346507+00:00] emensa_log.INFO: /index.php [] []
[2022-01-08T14:47:56.763093+00:00] emensa_log.INFO: /index.php [] []
[2022-01-08T14:48:02.066642+00:00] emensa_log.INFO: /index.php [] []
[2022-01-08T14:48:38.411794+00:00] emensa_log.INFO: /index.php [] []
[2022-01-08T14:48:51.379449+00:00] emensa_log.INFO: /index.php [] []
[2022-01-08T14:48:59.905007+00:00] emensa_log.INFO: /index.php [] []
[2022-01-08T14:49:14.670105+00:00] emensa_log.INFO: /index.php [] []
[2022-01-08T14:50:02.577148+00:00] emensa_log.INFO: /index.php [] []
[2022-01-08T14:51:02.671958+00:00] emensa_log.INFO: /index.php [] []
[2022-01-08T14:52:31.437868+00:00] emensa_log.INFO: admin@emensa.example Login successful [] []
[2022-01-08T14:52:33.183624+00:00] emensa_log.INFO: /index.php [] []
[2022-01-08T14:52:37.175732+00:00] emensa_log.INFO: /index.php [] []
[2022-01-08T14:52:43.851385+00:00] emensa_log.INFO: /index.php [] []
[2022-01-08T14:52:45.440495+00:00] emensa_log.INFO: /index.php [] []
[2022-01-08T15:01:18.792804+00:00] emensa_log.INFO: /index.php [] []
[2022-01-08T15:01:26.815768+00:00] emensa_log.INFO: /index.php [] []
[2022-01-08T15:01:36.799284+00:00] emensa_log.INFO: /index.php [] []
[2022-01-08T15:02:22.002430+00:00] emensa_log.INFO: /index.php [] []
[2022-01-08T15:02:25.436444+00:00] emensa_log.INFO: /index.php [] []
[2022-01-08T15:04:21.574884+00:00] emensa_log.INFO: /index.php [] []
[2022-01-08T15:05:33.861597+00:00] emensa_log.INFO: admin@emensa.example Logout successful [] []
[2022-01-08T15:05:33.869648+00:00] emensa_log.INFO: /index.php [] []
[2022-01-10T16:12:33.939168+00:00] emensa_log.INFO: /index.php [] []
[2022-01-10T16:46:00.684717+00:00] emensa_log.INFO: /index.php [] []
[2022-01-10T16:46:04.384468+00:00] emensa_log.INFO: /index.php [] []
[2022-01-10T16:46:09.188738+00:00] emensa_log.INFO: /index.php [] []
[2022-01-10T16:46:17.508056+00:00] emensa_log.INFO: /index.php [] []
[2022-01-10T16:46:18.488818+00:00] emensa_log.INFO: admin@emensa.example Logout successful [] []
[2022-01-10T16:46:18.496964+00:00] emensa_log.INFO: /index.php [] []
[2022-01-10T16:46:52.132157+00:00] emensa_log.INFO: /index.php [] []
[2022-01-10T16:47:18.862110+00:00] emensa_log.INFO: /index.php [] []
[2022-01-10T16:47:24.885599+00:00] emensa_log.INFO: /index.php [] []
[2022-01-10T16:47:30.951023+00:00] emensa_log.INFO: admin@emensa.example Login successful [] []
[2022-01-10T16:47:30.958661+00:00] emensa_log.INFO: /index.php [] []
[2022-01-10T16:47:36.060726+00:00] emensa_log.INFO: /index.php [] []
[2022-01-10T16:47:44.068395+00:00] emensa_log.INFO: /index.php [] []
[2022-01-10T16:51:15.636858+00:00] emensa_log.INFO: /index.php [] []
[2022-01-10T16:51:23.818628+00:00] emensa_log.INFO: /index.php [] []
[2022-01-10T16:53:41.871364+00:00] emensa_log.INFO: /index.php [] []
[2022-01-10T16:54:09.428785+00:00] emensa_log.INFO: /index.php [] []
[2022-01-10T16:54:31.313585+00:00] emensa_log.INFO: /index.php [] []
[2022-01-10T16:55:06.841832+00:00] emensa_log.INFO: /index.php [] []
[2022-01-10T16:55:12.081969+00:00] emensa_log.INFO: /index.php [] []
[2022-01-10T16:55:22.738035+00:00] emensa_log.INFO: /index.php [] []
[2022-01-10T16:58:17.876499+00:00] emensa_log.INFO: /index.php [] []
[2022-01-10T16:58:25.692506+00:00] emensa_log.INFO: /index.php [] []
[2022-01-10T16:58:27.436464+00:00] emensa_log.INFO: admin@emensa.example Logout successful [] []
[2022-01-10T16:58:27.444182+00:00] emensa_log.INFO: /index.php [] []
[2022-01-10T16:59:14.863865+00:00] emensa_log.INFO: /index.php [] []
[2022-01-10T16:59:19.174351+00:00] emensa_log.INFO: /index.php [] []
[2022-01-10T17:00:18.008077+00:00] emensa_log.INFO: /index.php [] []
[2022-01-10T17:00:32.343920+00:00] emensa_log.INFO: admin@emensa.example Login successful [] []
[2022-01-10T17:00:32.352515+00:00] emensa_log.INFO: /index.php [] []
[2022-01-10T17:00:37.279061+00:00] emensa_log.INFO: admin@emensa.example Logout successful [] []
[2022-01-10T17:00:37.286911+00:00] emensa_log.INFO: /index.php [] []
[2022-01-10T17:00:42.870737+00:00] emensa_log.INFO: /index.php [] []
[2022-01-10T17:01:35.837196+00:00] emensa_log.WARNING: user@gmail.com Login failed [] []
[2022-01-10T17:01:45.653012+00:00] emensa_log.INFO: user@gmail.com Login successful [] []
[2022-01-10T17:01:45.661034+00:00] emensa_log.INFO: /index.php [] []
[2022-01-10T17:01:52.335935+00:00] emensa_log.INFO: user@gmail.com Logout successful [] []
[2022-01-10T17:01:52.343581+00:00] emensa_log.INFO: /index.php [] []
[2022-01-10T17:01:56.960251+00:00] emensa_log.INFO: admin@emensa.example Login successful [] []
[2022-01-10T17:01:56.968024+00:00] emensa_log.INFO: /index.php [] []
[2022-01-10T17:02:00.653380+00:00] emensa_log.INFO: /index.php [] []
[2022-01-10T17:14:28.402912+00:00] emensa_log.INFO: /index.php [] []
[2022-01-10T17:15:30.287877+00:00] emensa_log.INFO: /index.php [] []
[2022-01-10T17:15:41.778355+00:00] emensa_log.INFO: /index.php [] []
[2022-01-10T17:15:56.088057+00:00] emensa_log.INFO: /index.php [] []
[2022-01-10T17:16:16.758663+00:00] emensa_log.INFO: /index.php [] []
[2022-01-10T17:21:44.082595+00:00] emensa_log.INFO: /index.php [] []
[2022-01-10T17:22:24.516346+00:00] emensa_log.INFO: /index.php [] []
[2022-01-10T17:25:41.266715+00:00] emensa_log.INFO: /index.php [] []
[2022-01-10T17:25:47.612578+00:00] emensa_log.INFO: /index.php [] []
[2022-01-10T17:25:54.731149+00:00] emensa_log.INFO: /index.php [] []
[2022-01-10T17:26:20.559314+00:00] emensa_log.INFO: /index.php [] []
[2022-01-10T17:26:48.173263+00:00] emensa_log.INFO: /index.php [] []
[2022-01-10T17:29:32.505516+00:00] emensa_log.INFO: /index.php [] []
[2022-01-10T17:29:41.917506+00:00] emensa_log.INFO: /index.php [] []
[2022-01-10T17:29:48.533010+00:00] emensa_log.INFO: /index.php [] []
[2022-01-10T17:29:55.083153+00:00] emensa_log.INFO: /index.php [] []
[2022-01-10T17:29:59.713078+00:00] emensa_log.INFO: /index.php [] []
[2022-01-10T17:30:05.520601+00:00] emensa_log.INFO: /index.php [] []
[2022-01-10T17:30:10.102967+00:00] emensa_log.INFO: /index.php [] []
[2022-01-10T17:30:44.442294+00:00] emensa_log.INFO: /index.php [] []
[2022-01-10T17:30:52.138799+00:00] emensa_log.INFO: /index.php [] []
[2022-01-10T17:31:16.746812+00:00] emensa_log.INFO: /index.php [] []
[2022-01-10T17:31:36.880963+00:00] emensa_log.INFO: /index.php [] []
[2022-01-10T17:31:41.431993+00:00] emensa_log.INFO: /index.php [] []
[2022-01-10T17:32:13.723926+00:00] emensa_log.INFO: /index.php [] []
[2022-01-10T17:32:25.132088+00:00] emensa_log.INFO: /index.php [] []
[2022-01-10T17:32:38.514779+00:00] emensa_log.INFO: /index.php [] []
[2022-01-10T17:35:33.291839+00:00] emensa_log.INFO: /index.php [] []
[2022-01-10T17:35:38.408817+00:00] emensa_log.INFO: /index.php [] []
[2022-01-10T17:36:29.359747+00:00] emensa_log.INFO: /index.php [] []
[2022-01-10T17:36:36.916610+00:00] emensa_log.INFO: /index.php [] []
[2022-01-10T17:36:42.007820+00:00] emensa_log.INFO: /index.php [] []
[2022-01-10T17:46:08.082395+00:00] emensa_log.INFO: /index.php [] []
[2022-01-10T17:46:15.864203+00:00] emensa_log.INFO: /index.php [] []
[2022-01-10T17:47:14.659407+00:00] emensa_log.INFO: /index.php [] []
[2022-01-10T17:47:23.019850+00:00] emensa_log.INFO: /index.php [] []
[2022-01-10T17:47:50.822646+00:00] emensa_log.INFO: /index.php [] []
[2022-01-10T17:48:12.838195+00:00] emensa_log.INFO: /index.php [] []
[2022-01-10T17:49:04.988935+00:00] emensa_log.INFO: /index.php [] []
[2022-01-10T17:49:47.256550+00:00] emensa_log.INFO: /index.php [] []
[2022-01-10T17:50:01.140326+00:00] emensa_log.INFO: /index.php [] []
[2022-01-10T17:50:04.787858+00:00] emensa_log.INFO: /index.php [] []
[2022-01-10T17:50:11.750000+00:00] emensa_log.INFO: /index.php [] []
[2022-01-10T17:50:19.713623+00:00] emensa_log.INFO: /index.php [] []
[2022-01-10T17:50:21.651759+00:00] emensa_log.INFO: /index.php [] []
[2022-01-10T21:18:13.381346+00:00] emensa_log.INFO: /index.php [] []
[2022-01-10T21:52:03.112859+00:00] emensa_log.INFO: /index.php [] []
[2022-01-10T21:52:07.437815+00:00] emensa_log.INFO: admin@emensa.example Logout successful [] []
[2022-01-10T21:52:07.448576+00:00] emensa_log.INFO: /index.php [] []
[2022-01-10T21:52:08.796763+00:00] emensa_log.INFO: /index.php [] []
[2022-01-10T21:52:17.271585+00:00] emensa_log.INFO: /index.php [] []
[2022-01-10T21:52:26.511629+00:00] emensa_log.INFO: user@gmail.com Login successful [] []
[2022-01-10T21:52:26.522878+00:00] emensa_log.INFO: /index.php [] []
[2022-01-10T21:53:15.347482+00:00] emensa_log.INFO: user@gmail.com Logout successful [] []
[2022-01-10T21:53:15.358950+00:00] emensa_log.INFO: /index.php [] []
[2022-01-10T22:16:29.751710+00:00] emensa_log.INFO: /index.php [] []
[2022-01-10T22:17:00.671661+00:00] emensa_log.INFO: /index.php [] []
[2022-01-10T22:17:01.965814+00:00] emensa_log.INFO: /index.php [] []
[2022-01-10T22:17:04.855657+00:00] emensa_log.INFO: /index.php [] []
[2022-01-10T22:18:27.585248+00:00] emensa_log.INFO: /index.php [] []
[2022-01-10T22:30:06.659089+00:00] emensa_log.INFO: /index.php [] []
[2022-01-10T23:06:33.057008+00:00] emensa_log.INFO: /index.php [] []
[2022-01-10T23:06:42.108884+00:00] emensa_log.INFO: user@gmail.com Login successful [] []
[2022-01-10T23:06:42.125507+00:00] emensa_log.INFO: /index.php [] []
[2022-01-10T23:06:52.791599+00:00] emensa_log.INFO: /index.php [] []
[2022-01-10T23:07:01.712003+00:00] emensa_log.INFO: /index.php [] []
[2022-01-10T23:07:33.051937+00:00] emensa_log.INFO: /index.php [] []
[2022-01-10T23:07:38.469039+00:00] emensa_log.INFO: /index.php [] []
[2022-01-10T23:07:59.819671+00:00] emensa_log.INFO: /index.php [] []
[2022-01-10T23:08:13.011099+00:00] emensa_log.INFO: /index.php [] []
[2022-01-10T23:08:50.089135+00:00] emensa_log.INFO: /index.php [] []
[2022-01-10T23:08:56.007533+00:00] emensa_log.INFO: /index.php [] []
[2022-01-10T23:08:59.622071+00:00] emensa_log.INFO: /index.php [] []
[2022-01-10T23:11:38.778243+00:00] emensa_log.INFO: /index.php [] []
[2022-01-10T23:11:45.447120+00:00] emensa_log.INFO: user@gmail.com Logout successful [] []
[2022-01-10T23:11:45.466818+00:00] emensa_log.INFO: /index.php [] []
[2022-01-10T23:12:00.545118+00:00] emensa_log.INFO: admin@emensa.example Login successful [] []
[2022-01-10T23:12:00.562247+00:00] emensa_log.INFO: /index.php [] []
[2022-01-10T23:12:07.352858+00:00] emensa_log.INFO: /index.php [] []
[2022-01-10T23:12:23.276923+00:00] emensa_log.INFO: /index.php [] []
[2022-01-10T23:12:30.510399+00:00] emensa_log.INFO: /index.php [] []
[2022-01-10T23:13:48.702216+00:00] emensa_log.INFO: /index.php [] []
[2022-01-10T23:13:58.386348+00:00] emensa_log.INFO: /index.php [] []
[2022-01-10T23:14:05.324996+00:00] emensa_log.INFO: /index.php [] []
[2022-01-10T23:14:12.283219+00:00] emensa_log.INFO: /index.php [] []
[2022-01-10T23:14:18.155076+00:00] emensa_log.INFO: /index.php [] []
[2022-01-10T23:14:27.146046+00:00] emensa_log.INFO: /index.php [] []
[2022-01-10T23:14:34.706198+00:00] emensa_log.INFO: /index.php [] []
[2022-01-10T23:15:31.467968+00:00] emensa_log.INFO: /index.php [] []
[2022-01-10T23:17:53.114358+00:00] emensa_log.INFO: /index.php [] []
[2022-01-10T23:18:11.731337+00:00] emensa_log.INFO: /index.php [] []
[2022-01-10T23:23:51.197392+00:00] emensa_log.INFO: /index.php [] []
[2022-01-10T23:26:24.694865+00:00] emensa_log.INFO: /index.php [] []
[2022-01-10T23:26:36.377140+00:00] emensa_log.INFO: /index.php [] []
[2022-01-10T23:26:54.500162+00:00] emensa_log.INFO: /index.php [] []
[2022-01-10T23:33:23.506171+00:00] emensa_log.INFO: /index.php [] []
[2022-01-10T23:39:41.038478+00:00] emensa_log.INFO: /index.php [] []
[2022-01-10T23:41:28.994998+00:00] emensa_log.INFO: /index.php [] []
[2022-01-10T23:41:30.760716+00:00] emensa_log.INFO: /index.php [] []
[2022-01-10T23:41:33.138017+00:00] emensa_log.INFO: /index.php [] []
[2022-01-10T23:49:50.521828+00:00] emensa_log.INFO: /index.php [] []
[2022-01-10T23:50:25.881467+00:00] emensa_log.INFO: /index.php [] []
[2022-01-10T23:52:44.053868+00:00] emensa_log.INFO: /index.php [] []
[2022-01-11T00:02:11.838031+00:00] emensa_log.INFO: /index.php [] []
[2022-01-11T00:02:26.576817+00:00] emensa_log.INFO: /index.php [] []
[2022-01-11T00:09:30.226175+00:00] emensa_log.INFO: /index.php [] []
[2022-01-11T00:09:30.401226+00:00] emensa_log.INFO: /index.php [] []
[2022-01-11T00:10:05.084009+00:00] emensa_log.INFO: /index.php [] []
[2022-01-11T00:14:17.557131+00:00] emensa_log.INFO: /index.php [] []
[2022-01-11T00:14:32.310061+00:00] emensa_log.INFO: /index.php [] []
[2022-01-11T00:14:40.686132+00:00] emensa_log.INFO: /index.php [] []
[2022-01-11T00:14:42.766751+00:00] emensa_log.INFO: admin@emensa.example Logout successful [] []
[2022-01-11T00:14:42.782754+00:00] emensa_log.INFO: /index.php [] []
[2022-01-11T00:14:49.421225+00:00] emensa_log.INFO: user@gmail.com Login successful [] []
[2022-01-11T00:14:49.437582+00:00] emensa_log.INFO: /index.php [] []
[2022-01-11T00:14:57.086365+00:00] emensa_log.INFO: /index.php [] []
[2022-01-11T00:14:59.588897+00:00] emensa_log.INFO: /index.php [] []
[2022-01-11T00:15:07.467696+00:00] emensa_log.INFO: /index.php [] []
[2022-01-11T00:15:09.130410+00:00] emensa_log.INFO: /index.php [] []
[2022-01-11T00:15:10.415757+00:00] emensa_log.INFO: /index.php [] []
[2022-01-11T00:15:12.470807+00:00] emensa_log.INFO: /index.php [] []
[2022-01-11T00:15:13.609411+00:00] emensa_log.INFO: user@gmail.com Logout successful [] []
[2022-01-11T00:15:13.625437+00:00] emensa_log.INFO: /index.php [] []
[2022-01-12T11:55:45.568793+00:00] emensa_log.INFO: /index.php [] []
[2022-01-12T11:56:11.979361+00:00] emensa_log.INFO: admin@emensa.example Login successful [] []
[2022-01-12T11:56:11.998349+00:00] emensa_log.INFO: /index.php [] []
[2022-01-12T11:57:32.941948+00:00] emensa_log.INFO: /index.php [] []
[2022-01-12T11:57:43.505228+00:00] emensa_log.INFO: /index.php [] []
[2022-01-12T11:57:49.238164+00:00] emensa_log.INFO: /index.php [] []
[2022-01-12T11:57:55.128864+00:00] emensa_log.INFO: /index.php [] []
[2022-01-12T11:58:49.563630+00:00] emensa_log.INFO: /index.php [] []
[2022-01-12T11:59:02.277385+00:00] emensa_log.INFO: /index.php [] []
[2022-01-12T11:59:14.935598+00:00] emensa_log.INFO: /index.php [] []
[2022-01-12T11:59:26.924776+00:00] emensa_log.INFO: admin@emensa.example Logout successful [] []
[2022-01-12T11:59:26.941516+00:00] emensa_log.INFO: /index.php [] []
[2022-01-12T11:59:35.592794+00:00] emensa_log.INFO: user@gmail.com Login successful [] []
[2022-01-12T11:59:35.610326+00:00] emensa_log.INFO: /index.php [] []
[2022-01-12T11:59:39.551954+00:00] emensa_log.INFO: /index.php [] []
[2022-01-12T11:59:48.099750+00:00] emensa_log.INFO: /index.php [] []
[2022-01-12T11:59:51.403229+00:00] emensa_log.INFO: /index.php [] []
[2022-01-12T11:59:55.272738+00:00] emensa_log.INFO: /index.php [] []
[2022-01-12T12:00:06.098722+00:00] emensa_log.INFO: /index.php [] []
[2022-01-12T12:06:00.811062+00:00] emensa_log.INFO: /index.php [] []
